0 info it worked if it ends with ok
1 verbose cli [ '/usr/local/Cellar/node/7.7.1_1/bin/node',
1 verbose cli   '/usr/local/bin/npm',
1 verbose cli   'publish' ]
2 info using npm@4.1.2
3 info using node@v7.7.1
4 verbose publish [ '.' ]
5 silly cache add args [ '.', null ]
6 verbose cache add spec .
7 silly cache add parsed spec Result {
7 silly cache add   raw: '.',
7 silly cache add   scope: null,
7 silly cache add   escapedName: null,
7 silly cache add   name: null,
7 silly cache add   rawSpec: '.',
7 silly cache add   spec: '/Users/Ale/TWG/StyledResponsive',
7 silly cache add   type: 'directory' }
8 verbose addLocalDirectory /Users/Ale/.npm/styled-responsive/1.0.0/package.tgz not in flight; packing
9 verbose correctMkdir /Users/Ale/.npm correctMkdir not in flight; initializing
10 info lifecycle styled-responsive@1.0.0~prepublish: styled-responsive@1.0.0
11 silly lifecycle styled-responsive@1.0.0~prepublish: no script for prepublish, continuing
12 info lifecycle styled-responsive@1.0.0~prepare: styled-responsive@1.0.0
13 silly lifecycle styled-responsive@1.0.0~prepare: no script for prepare, continuing
14 verbose tar pack [ '/Users/Ale/.npm/styled-responsive/1.0.0/package.tgz',
14 verbose tar pack   '/Users/Ale/TWG/StyledResponsive' ]
15 verbose tarball /Users/Ale/.npm/styled-responsive/1.0.0/package.tgz
16 verbose folder /Users/Ale/TWG/StyledResponsive
17 verbose addLocalTarball adding from inside cache /Users/Ale/.npm/styled-responsive/1.0.0/package.tgz
18 verbose correctMkdir /Users/Ale/.npm correctMkdir not in flight; initializing
19 silly cache afterAdd styled-responsive@1.0.0
20 verbose afterAdd /Users/Ale/.npm/styled-responsive/1.0.0/package/package.json not in flight; writing
21 verbose correctMkdir /Users/Ale/.npm correctMkdir not in flight; initializing
22 verbose afterAdd /Users/Ale/.npm/styled-responsive/1.0.0/package/package.json written
23 silly publish { name: 'styled-responsive',
23 silly publish   version: '1.0.0',
23 silly publish   description: 'Everything you need to make your react app responsive"',
23 silly publish   main: 'index.js',
23 silly publish   scripts: { test: 'npm test' },
23 silly publish   repository:
23 silly publish    { type: 'git',
23 silly publish      url: 'git+https://github.com/arovillard/styled-responsive.git' },
23 silly publish   keywords:
23 silly publish    [ 'react',
23 silly publish      'styled-components',
23 silly publish      'grid',
23 silly publish      'responsive',
23 silly publish      'media-query' ],
23 silly publish   author: { name: 'Alejandro Rovillard' },
23 silly publish   license: 'ISC',
23 silly publish   bugs: { url: 'https://github.com/arovillard/styled-responsive/issues' },
23 silly publish   homepage: 'https://github.com/arovillard/styled-responsive#readme',
23 silly publish   gitHead: 'c32e7115834ea386d4d3ed3e872df3034e4d3050',
23 silly publish   readme: 'ERROR: No README data found!',
23 silly publish   _id: 'styled-responsive@1.0.0',
23 silly publish   _shasum: '9ddc1297e01382e050c17b6f9ea75867326d9682',
23 silly publish   _from: '.' }
24 info lifecycle styled-responsive@1.0.0~prepublishOnly: styled-responsive@1.0.0
25 silly lifecycle styled-responsive@1.0.0~prepublishOnly: no script for prepublishOnly, continuing
26 verbose getPublishConfig undefined
27 silly mapToRegistry name styled-responsive
28 silly mapToRegistry using default registry
29 silly mapToRegistry registry https://registry.npmjs.org/
30 silly mapToRegistry data Result {
30 silly mapToRegistry   raw: 'styled-responsive',
30 silly mapToRegistry   scope: null,
30 silly mapToRegistry   escapedName: 'styled-responsive',
30 silly mapToRegistry   name: 'styled-responsive',
30 silly mapToRegistry   rawSpec: '',
30 silly mapToRegistry   spec: 'latest',
30 silly mapToRegistry   type: 'tag' }
31 silly mapToRegistry uri https://registry.npmjs.org/styled-responsive
32 verbose publish registryBase https://registry.npmjs.org/
33 silly publish uploading /Users/Ale/.npm/styled-responsive/1.0.0/package.tgz
34 verbose request uri https://registry.npmjs.org/styled-responsive
35 verbose request sending authorization for write operation
36 info attempt registry request try #1 at 2:18:47 PM
37 verbose request using bearer token for auth
38 verbose request id 9de3b632fa26dbac
39 http request PUT https://registry.npmjs.org/styled-responsive
40 http 403 https://registry.npmjs.org/styled-responsive
41 verbose headers { 'content-type': 'application/json',
41 verbose headers   'cache-control': 'max-age=300',
41 verbose headers   'content-length': '111',
41 verbose headers   'accept-ranges': 'bytes',
41 verbose headers   date: 'Sat, 10 Feb 2018 19:18:48 GMT',
41 verbose headers   via: '1.1 varnish',
41 verbose headers   connection: 'keep-alive',
41 verbose headers   'x-served-by': 'cache-mdw17324-MDW',
41 verbose headers   'x-cache': 'MISS',
41 verbose headers   'x-cache-hits': '0',
41 verbose headers   'x-timer': 'S1518290328.108955,VS0,VE374',
41 verbose headers   vary: 'Accept-Encoding, Accept' }
42 verbose request invalidating /Users/Ale/.npm/registry.npmjs.org/styled-responsive on PUT
43 error publish Failed PUT 403
44 verbose stack Error: You do not have permission to publish "styled-responsive". Are you logged in as the correct user? : styled-responsive
44 verbose stack     at makeError (/usr/local/lib/node_modules/npm/node_modules/npm-registry-client/lib/request.js:304:12)
44 verbose stack     at CachingRegistryClient.<anonymous> (/usr/local/lib/node_modules/npm/node_modules/npm-registry-client/lib/request.js:292:14)
44 verbose stack     at Request._callback (/usr/local/lib/node_modules/npm/node_modules/npm-registry-client/lib/request.js:212:14)
44 verbose stack     at Request.self.callback (/usr/local/lib/node_modules/npm/node_modules/request/request.js:186:22)
44 verbose stack     at emitTwo (events.js:106:13)
44 verbose stack     at Request.emit (events.js:194:7)
44 verbose stack     at Request.<anonymous> (/usr/local/lib/node_modules/npm/node_modules/request/request.js:1081:10)
44 verbose stack     at emitOne (events.js:96:13)
44 verbose stack     at Request.emit (events.js:191:7)
44 verbose stack     at IncomingMessage.<anonymous> (/usr/local/lib/node_modules/npm/node_modules/request/request.js:1001:12)
45 verbose statusCode 403
46 verbose pkgid styled-responsive
47 verbose cwd /Users/Ale/TWG/StyledResponsive
48 error Darwin 17.3.0
49 error argv "/usr/local/Cellar/node/7.7.1_1/bin/node" "/usr/local/bin/npm" "publish"
50 error node v7.7.1
51 error npm  v4.1.2
52 error code E403
53 error You do not have permission to publish "styled-responsive". Are you logged in as the correct user? : styled-responsive
54 error If you need help, you may report this error at:
54 error     <https://github.com/npm/npm/issues>
55 verbose exit [ 1, true ]
